build/app/intermediates/manifest_merge_blame_file/release/processReleaseMainManifest/manifest-merger-blame-release-report.txt
1<?xml version="1.0" encoding="utf-8"?>
2<manifest xmlns:android="http://schemas.android.com/apk/res/android"
3    package="com.example.plomero_express"
4    android:versionCode="1"
5    android:versionName="1.0.0" >
6
7    <uses-sdk
8        android:minSdkVersion="23"
9        android:targetSdkVersion="35" />
10    <!--
11         Required to query activities that can process text, see:
12         https://developer.android.com/training/package-visibility and
13         https://developer.android.com/reference/android/content/Intent#ACTION_PROCESS_TEXT.
14
15         In particular, this is used by the Flutter engine in io.flutter.plugin.text.ProcessTextPlugin.
16    -->
17    <queries>
17-->src\main\AndroidManifest.xml:43:5-48:15
18        <intent>
18-->src\main\AndroidManifest.xml:44:9-47:18
19            <action android:name="android.intent.action.PROCESS_TEXT" />
19-->src\main\AndroidManifest.xml:45:13-72
19-->src\main\AndroidManifest.xml:45:21-70
20
21            <data android:mimeType="text/plain" />
21-->src\main\AndroidManifest.xml:46:13-50
21-->src\main\AndroidManifest.xml:46:19-48
22        </intent>
23        <intent>
23-->[:file_picker] AndroidManifest.xml:8:9-12:18
24            <action android:name="android.intent.action.GET_CONTENT" />
24-->[:file_picker] AndroidManifest.xml:9:13-72
24-->[:file_picker] AndroidManifest.xml:9:21-69
25
26            <data android:mimeType="*/*" />
26-->src\main\AndroidManifest.xml:46:13-50
26-->src\main\AndroidManifest.xml:46:19-48
27        </intent> <!-- Needs to be explicitly declared on Android R+ -->
28        <package android:name="com.google.android.apps.maps" />
28-->[com.google.android.gms:play-services-maps:18.2.0] AndroidManifest.xml:33:9-64
28-->[com.google.android.gms:play-services-maps:18.2.0] AndroidManifest.xml:33:18-61
29    </queries>
30
31    <uses-permission android:name="android.permission.INTERNET" /> <!-- Include required permissions for Google Maps API to run. -->
31-->[:google_sign_in_android] AndroidManifest.xml:7:5-67
31-->[:google_sign_in_android] AndroidManifest.xml:7:22-64
32    <uses-permission android:name="android.permission.ACCESS_NETWORK_STATE" />
32-->[com.google.android.gms:play-services-maps:18.2.0] AndroidManifest.xml:23:5-79
32-->[com.google.android.gms:play-services-maps:18.2.0] AndroidManifest.xml:23:22-76
33
34    <uses-feature
34-->[com.google.android.gms:play-services-maps:18.2.0] AndroidManifest.xml:26:5-28:35
35        android:glEsVersion="0x00020000"
35-->[com.google.android.gms:play-services-maps:18.2.0] AndroidManifest.xml:27:9-41
36        android:required="true" />
36-->[com.google.android.gms:play-services-maps:18.2.0] AndroidManifest.xml:28:9-32
37
38    <uses-permission android:name="com.google.android.providers.gsf.permission.READ_GSERVICES" />
38-->[com.google.android.recaptcha:recaptcha:18.6.1] AndroidManifest.xml:9:5-98
38-->[com.google.android.recaptcha:recaptcha:18.6.1] AndroidManifest.xml:9:22-95
39
40    <permission
40-->[androidx.core:core:1.13.1] AndroidManifest.xml:22:5-24:47
41        android:name="com.example.plomero_express.DYNAMIC_RECEIVER_NOT_EXPORTED_PERMISSION"
41-->[androidx.core:core:1.13.1] AndroidManifest.xml:23:9-81
42        android:protectionLevel="signature" />
42-->[androidx.core:core:1.13.1] AndroidManifest.xml:24:9-44
43
44    <uses-permission android:name="com.example.plomero_express.DYNAMIC_RECEIVER_NOT_EXPORTED_PERMISSION" />
44-->[androidx.core:core:1.13.1] AndroidManifest.xml:26:5-97
44-->[androidx.core:core:1.13.1] AndroidManifest.xml:26:22-94
45
46    <application
47        android:name="android.app.Application"
47-->src\main\AndroidManifest.xml:4:9-42
48        android:appComponentFactory="androidx.core.app.CoreComponentFactory"
48-->[androidx.core:core:1.13.1] AndroidManifest.xml:28:18-86
49        android:extractNativeLibs="false"
50        android:icon="@mipmap/ic_launcher"
50-->src\main\AndroidManifest.xml:5:9-43
51        android:label="plomero_express" >
51-->src\main\AndroidManifest.xml:3:9-40
52        <meta-data
52-->src\main\AndroidManifest.xml:8:9-9:70
53            android:name="com.google.android.geo.API_KEY"
53-->src\main\AndroidManifest.xml:8:20-65
54            android:value="AIzaSyDSj2onfCAh8ZIiLTGNltVXcTzgOihUkd8" />
54-->src\main\AndroidManifest.xml:9:13-68
55
56        <activity
56-->src\main\AndroidManifest.xml:10:9-31:20
57            android:name="com.example.plomero_express.MainActivity"
57-->src\main\AndroidManifest.xml:11:13-41
58            android:configChanges="orientation|keyboardHidden|keyboard|screenSize|smallestScreenSize|locale|layoutDirection|fontScale|screenLayout|density|uiMode"
58-->src\main\AndroidManifest.xml:16:13-163
59            android:exported="true"
59-->src\main\AndroidManifest.xml:12:13-36
60            android:hardwareAccelerated="true"
60-->src\main\AndroidManifest.xml:17:13-47
61            android:launchMode="singleTop"
61-->src\main\AndroidManifest.xml:13:13-43
62            android:taskAffinity=""
62-->src\main\AndroidManifest.xml:14:13-36
63            android:theme="@style/LaunchTheme"
63-->src\main\AndroidManifest.xml:15:13-47
64            android:windowSoftInputMode="adjustResize" >
64-->src\main\AndroidManifest.xml:18:13-55
65
66            <!--
67                 Specifies an Android theme to apply to this Activity as soon as
68                 the Android process has started. This theme is visible to the user
69                 while the Flutter UI initializes. After that, this theme continues
70                 to determine the Window background behind the Flutter UI.
71            -->
72            <meta-data
72-->src\main\AndroidManifest.xml:23:13-26:17
73                android:name="io.flutter.embedding.android.NormalTheme"
73-->src\main\AndroidManifest.xml:24:15-70
74                android:resource="@style/NormalTheme" />
74-->src\main\AndroidManifest.xml:25:15-52
75
76            <intent-filter>
76-->src\main\AndroidManifest.xml:27:13-30:29
77                <action android:name="android.intent.action.MAIN" />
77-->src\main\AndroidManifest.xml:28:17-68
77-->src\main\AndroidManifest.xml:28:25-66
78
79                <category android:name="android.intent.category.LAUNCHER" />
79-->src\main\AndroidManifest.xml:29:17-76
79-->src\main\AndroidManifest.xml:29:27-74
80            </intent-filter>
81        </activity>
82        <!--
83             Don't delete the meta-data below.
84             This is used by the Flutter tool to generate GeneratedPluginRegistrant.java
85        -->
86        <meta-data
86-->src\main\AndroidManifest.xml:34:9-36:33
87            android:name="flutterEmbedding"
87-->src\main\AndroidManifest.xml:35:13-44
88            android:value="2" />
88-->src\main\AndroidManifest.xml:36:13-30
89
90        <service
90-->[:geolocator_android] AndroidManifest.xml:8:9-12:56
91            android:name="com.baseflow.geolocator.GeolocatorLocationService"
91-->[:geolocator_android] AndroidManifest.xml:9:13-77
92            android:enabled="true"
92-->[:geolocator_android] AndroidManifest.xml:10:13-35
93            android:exported="false"
93-->[:geolocator_android] AndroidManifest.xml:11:13-37
94            android:foregroundServiceType="location" />
94-->[:geolocator_android] AndroidManifest.xml:12:13-53
95        <service
95-->[:firebase_auth] AndroidManifest.xml:8:9-12:19
96            android:name="com.google.firebase.components.ComponentDiscoveryService"
96-->[:firebase_auth] AndroidManifest.xml:8:18-89
97            android:directBootAware="true"
97-->[com.google.firebase:firebase-common:21.0.0] AndroidManifest.xml:32:13-43
98            android:exported="false" >
98-->[com.google.firebase:firebase-auth:23.2.0] AndroidManifest.xml:68:13-37
99            <meta-data
99-->[:firebase_auth] AndroidManifest.xml:9:13-11:85
100                android:name="com.google.firebase.components:io.flutter.plugins.firebase.auth.FlutterFirebaseAuthRegistrar"
100-->[:firebase_auth] AndroidManifest.xml:10:17-124
101                android:value="com.google.firebase.components.ComponentRegistrar" />
101-->[:firebase_auth] AndroidManifest.xml:11:17-82
102            <meta-data
102-->[:firebase_core] AndroidManifest.xml:9:13-11:85
103                android:name="com.google.firebase.components:io.flutter.plugins.firebase.core.FlutterFirebaseCoreRegistrar"
103-->[:firebase_core] AndroidManifest.xml:10:17-124
104                android:value="com.google.firebase.components.ComponentRegistrar" />
104-->[:firebase_core] AndroidManifest.xml:11:17-82
105            <meta-data
105-->[com.google.firebase:firebase-auth:23.2.0] AndroidManifest.xml:69:13-71:85
106                android:name="com.google.firebase.components:com.google.firebase.auth.FirebaseAuthRegistrar"
106-->[com.google.firebase:firebase-auth:23.2.0] AndroidManifest.xml:70:17-109
107                android:value="com.google.firebase.components.ComponentRegistrar" />
107-->[com.google.firebase:firebase-auth:23.2.0] AndroidManifest.xml:71:17-82
108            <meta-data
108-->[com.google.firebase:firebase-common-ktx:21.0.0] AndroidManifest.xml:12:13-14:85
109                android:name="com.google.firebase.components:com.google.firebase.ktx.FirebaseCommonLegacyRegistrar"
109-->[com.google.firebase:firebase-common-ktx:21.0.0] AndroidManifest.xml:13:17-116
110                android:value="com.google.firebase.components.ComponentRegistrar" />
110-->[com.google.firebase:firebase-common-ktx:21.0.0] AndroidManifest.xml:14:17-82
111            <meta-data
111-->[com.google.firebase:firebase-common:21.0.0] AndroidManifest.xml:35:13-37:85
112                android:name="com.google.firebase.components:com.google.firebase.FirebaseCommonKtxRegistrar"
112-->[com.google.firebase:firebase-common:21.0.0] AndroidManifest.xml:36:17-109
113                android:value="com.google.firebase.components.ComponentRegistrar" />
113-->[com.google.firebase:firebase-common:21.0.0] AndroidManifest.xml:37:17-82
114        </service>
115
116        <uses-library
116-->[androidx.window:window:1.2.0] AndroidManifest.xml:23:9-25:40
117            android:name="androidx.window.extensions"
117-->[androidx.window:window:1.2.0] AndroidManifest.xml:24:13-54
118            android:required="false" />
118-->[androidx.window:window:1.2.0] AndroidManifest.xml:25:13-37
119        <uses-library
119-->[androidx.window:window:1.2.0] AndroidManifest.xml:26:9-28:40
120            android:name="androidx.window.sidecar"
120-->[androidx.window:window:1.2.0] AndroidManifest.xml:27:13-51
121            android:required="false" /> <!-- Needs to be explicitly declared on P+ -->
121-->[androidx.window:window:1.2.0] AndroidManifest.xml:28:13-37
122        <uses-library
122-->[com.google.android.gms:play-services-maps:18.2.0] AndroidManifest.xml:39:9-41:40
123            android:name="org.apache.http.legacy"
123-->[com.google.android.gms:play-services-maps:18.2.0] AndroidManifest.xml:40:13-50
124            android:required="false" />
124-->[com.google.android.gms:play-services-maps:18.2.0] AndroidManifest.xml:41:13-37
125
126        <activity
126-->[com.google.firebase:firebase-auth:23.2.0] AndroidManifest.xml:29:9-46:20
127            android:name="com.google.firebase.auth.internal.GenericIdpActivity"
127-->[com.google.firebase:firebase-auth:23.2.0] AndroidManifest.xml:30:13-80
128            android:excludeFromRecents="true"
128-->[com.google.firebase:firebase-auth:23.2.0] AndroidManifest.xml:31:13-46
129            android:exported="true"
129-->[com.google.firebase:firebase-auth:23.2.0] AndroidManifest.xml:32:13-36
130            android:launchMode="singleTask"
130-->[com.google.firebase:firebase-auth:23.2.0] AndroidManifest.xml:33:13-44
131            android:theme="@android:style/Theme.Translucent.NoTitleBar" >
131-->[com.google.firebase:firebase-auth:23.2.0] AndroidManifest.xml:34:13-72
132            <intent-filter>
132-->[com.google.firebase:firebase-auth:23.2.0] AndroidManifest.xml:35:13-45:29
133                <action android:name="android.intent.action.VIEW" />
133-->[com.google.firebase:firebase-auth:23.2.0] AndroidManifest.xml:36:17-69
133-->[com.google.firebase:firebase-auth:23.2.0] AndroidManifest.xml:36:25-66
134
135                <category android:name="android.intent.category.DEFAULT" />
135-->[com.google.firebase:firebase-auth:23.2.0] AndroidManifest.xml:38:17-76
135-->[com.google.firebase:firebase-auth:23.2.0] AndroidManifest.xml:38:27-73
136                <category android:name="android.intent.category.BROWSABLE" />
136-->[com.google.firebase:firebase-auth:23.2.0] AndroidManifest.xml:39:17-78
136-->[com.google.firebase:firebase-auth:23.2.0] AndroidManifest.xml:39:27-75
137
138                <data
138-->src\main\AndroidManifest.xml:46:13-50
139                    android:host="firebase.auth"
140                    android:path="/"
141                    android:scheme="genericidp" />
142            </intent-filter>
143        </activity>
144        <activity
144-->[com.google.firebase:firebase-auth:23.2.0] AndroidManifest.xml:47:9-64:20
145            android:name="com.google.firebase.auth.internal.RecaptchaActivity"
145-->[com.google.firebase:firebase-auth:23.2.0] AndroidManifest.xml:48:13-79
146            android:excludeFromRecents="true"
146-->[com.google.firebase:firebase-auth:23.2.0] AndroidManifest.xml:49:13-46
147            android:exported="true"
147-->[com.google.firebase:firebase-auth:23.2.0] AndroidManifest.xml:50:13-36
148            android:launchMode="singleTask"
148-->[com.google.firebase:firebase-auth:23.2.0] AndroidManifest.xml:51:13-44
149            android:theme="@android:style/Theme.Translucent.NoTitleBar" >
149-->[com.google.firebase:firebase-auth:23.2.0] AndroidManifest.xml:52:13-72
150            <intent-filter>
150-->[com.google.firebase:firebase-auth:23.2.0] AndroidManifest.xml:53:13-63:29
151                <action android:name="android.intent.action.VIEW" />
151-->[com.google.firebase:firebase-auth:23.2.0] AndroidManifest.xml:36:17-69
151-->[com.google.firebase:firebase-auth:23.2.0] AndroidManifest.xml:36:25-66
152
153                <category android:name="android.intent.category.DEFAULT" />
153-->[com.google.firebase:firebase-auth:23.2.0] AndroidManifest.xml:38:17-76
153-->[com.google.firebase:firebase-auth:23.2.0] AndroidManifest.xml:38:27-73
154                <category android:name="android.intent.category.BROWSABLE" />
154-->[com.google.firebase:firebase-auth:23.2.0] AndroidManifest.xml:39:17-78
154-->[com.google.firebase:firebase-auth:23.2.0] AndroidManifest.xml:39:27-75
155
156                <data
156-->src\main\AndroidManifest.xml:46:13-50
157                    android:host="firebase.auth"
158                    android:path="/"
159                    android:scheme="recaptcha" />
160            </intent-filter>
161        </activity>
162
163        <service
163-->[androidx.credentials:credentials-play-services-auth:1.2.0-rc01] AndroidManifest.xml:24:9-32:19
164            android:name="androidx.credentials.playservices.CredentialProviderMetadataHolder"
164-->[androidx.credentials:credentials-play-services-auth:1.2.0-rc01] AndroidManifest.xml:25:13-94
165            android:enabled="true"
165-->[androidx.credentials:credentials-play-services-auth:1.2.0-rc01] AndroidManifest.xml:26:13-35
166            android:exported="false" >
166-->[androidx.credentials:credentials-play-services-auth:1.2.0-rc01] AndroidManifest.xml:27:13-37
167            <meta-data
167-->[androidx.credentials:credentials-play-services-auth:1.2.0-rc01] AndroidManifest.xml:29:13-31:104
168                android:name="androidx.credentials.CREDENTIAL_PROVIDER_KEY"
168-->[androidx.credentials:credentials-play-services-auth:1.2.0-rc01] AndroidManifest.xml:30:17-76
169                android:value="androidx.credentials.playservices.CredentialProviderPlayServicesImpl" />
169-->[androidx.credentials:credentials-play-services-auth:1.2.0-rc01] AndroidManifest.xml:31:17-101
170        </service>
171
172        <activity
172-->[androidx.credentials:credentials-play-services-auth:1.2.0-rc01] AndroidManifest.xml:34:9-41:20
173            android:name="androidx.credentials.playservices.HiddenActivity"
173-->[androidx.credentials:credentials-play-services-auth:1.2.0-rc01] AndroidManifest.xml:35:13-76
174            android:configChanges="orientation|screenSize|screenLayout|keyboardHidden"
174-->[androidx.credentials:credentials-play-services-auth:1.2.0-rc01] AndroidManifest.xml:36:13-87
175            android:enabled="true"
175-->[androidx.credentials:credentials-play-services-auth:1.2.0-rc01] AndroidManifest.xml:37:13-35
176            android:exported="false"
176-->[androidx.credentials:credentials-play-services-auth:1.2.0-rc01] AndroidManifest.xml:38:13-37
177            android:fitsSystemWindows="true"
177-->[androidx.credentials:credentials-play-services-auth:1.2.0-rc01] AndroidManifest.xml:39:13-45
178            android:theme="@style/Theme.Hidden" >
178-->[androidx.credentials:credentials-play-services-auth:1.2.0-rc01] AndroidManifest.xml:40:13-48
179        </activity>
180        <activity
180-->[com.google.android.gms:play-services-auth:21.0.0] AndroidManifest.xml:23:9-27:75
181            android:name="com.google.android.gms.auth.api.signin.internal.SignInHubActivity"
181-->[com.google.android.gms:play-services-auth:21.0.0] AndroidManifest.xml:24:13-93
182            android:excludeFromRecents="true"
182-->[com.google.android.gms:play-services-auth:21.0.0] AndroidManifest.xml:25:13-46
183            android:exported="false"
183-->[com.google.android.gms:play-services-auth:21.0.0] AndroidManifest.xml:26:13-37
184            android:theme="@android:style/Theme.Translucent.NoTitleBar" />
184-->[com.google.android.gms:play-services-auth:21.0.0] AndroidManifest.xml:27:13-72
185        <!--
186            Service handling Google Sign-In user revocation. For apps that do not integrate with
187            Google Sign-In, this service will never be started.
188        -->
189        <service
189-->[com.google.android.gms:play-services-auth:21.0.0] AndroidManifest.xml:33:9-37:51
190            android:name="com.google.android.gms.auth.api.signin.RevocationBoundService"
190-->[com.google.android.gms:play-services-auth:21.0.0] AndroidManifest.xml:34:13-89
191            android:exported="true"
191-->[com.google.android.gms:play-services-auth:21.0.0] AndroidManifest.xml:35:13-36
192            android:permission="com.google.android.gms.auth.api.signin.permission.REVOCATION_NOTIFICATION"
192-->[com.google.android.gms:play-services-auth:21.0.0] AndroidManifest.xml:36:13-107
193            android:visibleToInstantApps="true" />
193-->[com.google.android.gms:play-services-auth:21.0.0] AndroidManifest.xml:37:13-48
194
195        <activity
195-->[com.google.android.gms:play-services-base:18.3.0] AndroidManifest.xml:20:9-22:45
196            android:name="com.google.android.gms.common.api.GoogleApiActivity"
196-->[com.google.android.gms:play-services-base:18.3.0] AndroidManifest.xml:20:19-85
197            android:exported="false"
197-->[com.google.android.gms:play-services-base:18.3.0] AndroidManifest.xml:22:19-43
198            android:theme="@android:style/Theme.Translucent.NoTitleBar" />
198-->[com.google.android.gms:play-services-base:18.3.0] AndroidManifest.xml:21:19-78
199
200        <provider
200-->[com.google.firebase:firebase-common:21.0.0] AndroidManifest.xml:23:9-28:39
201            android:name="com.google.firebase.provider.FirebaseInitProvider"
201-->[com.google.firebase:firebase-common:21.0.0] AndroidManifest.xml:24:13-77
202            android:authorities="com.example.plomero_express.firebaseinitprovider"
202-->[com.google.firebase:firebase-common:21.0.0] AndroidManifest.xml:25:13-72
203            android:directBootAware="true"
203-->[com.google.firebase:firebase-common:21.0.0] AndroidManifest.xml:26:13-43
204            android:exported="false"
204-->[com.google.firebase:firebase-common:21.0.0] AndroidManifest.xml:27:13-37
205            android:initOrder="100" />
205-->[com.google.firebase:firebase-common:21.0.0] AndroidManifest.xml:28:13-36
206
207        <meta-data
207-->[com.google.android.gms:play-services-basement:18.4.0] AndroidManifest.xml:6:9-122
208            android:name="com.google.android.gms.version"
208-->[com.google.android.gms:play-services-basement:18.4.0] AndroidManifest.xml:6:20-65
209            android:value="@integer/google_play_services_version" />
209-->[com.google.android.gms:play-services-basement:18.4.0] AndroidManifest.xml:6:66-119
210
211        <provider
211-->[androidx.lifecycle:lifecycle-process:2.7.0] AndroidManifest.xml:24:9-32:20
212            android:name="androidx.startup.InitializationProvider"
212-->[androidx.lifecycle:lifecycle-process:2.7.0] AndroidManifest.xml:25:13-67
213            android:authorities="com.example.plomero_express.androidx-startup"
213-->[androidx.lifecycle:lifecycle-process:2.7.0] AndroidManifest.xml:26:13-68
214            android:exported="false" >
214-->[androidx.lifecycle:lifecycle-process:2.7.0] AndroidManifest.xml:27:13-37
215            <meta-data
215-->[androidx.lifecycle:lifecycle-process:2.7.0] AndroidManifest.xml:29:13-31:52
216                android:name="androidx.lifecycle.ProcessLifecycleInitializer"
216-->[androidx.lifecycle:lifecycle-process:2.7.0] AndroidManifest.xml:30:17-78
217                android:value="androidx.startup" />
217-->[androidx.lifecycle:lifecycle-process:2.7.0] AndroidManifest.xml:31:17-49
218            <meta-data
218-->[androidx.profileinstaller:profileinstaller:1.3.1] AndroidManifest.xml:29:13-31:52
219                android:name="androidx.profileinstaller.ProfileInstallerInitializer"
219-->[androidx.profileinstaller:profileinstaller:1.3.1] AndroidManifest.xml:30:17-85
220                android:value="androidx.startup" />
220-->[androidx.profileinstaller:profileinstaller:1.3.1] AndroidManifest.xml:31:17-49
221        </provider>
222
223        <receiver
223-->[androidx.profileinstaller:profileinstaller:1.3.1] AndroidManifest.xml:34:9-52:20
224            android:name="androidx.profileinstaller.ProfileInstallReceiver"
224-->[androidx.profileinstaller:profileinstaller:1.3.1] AndroidManifest.xml:35:13-76
225            android:directBootAware="false"
225-->[androidx.profileinstaller:profileinstaller:1.3.1] AndroidManifest.xml:36:13-44
226            android:enabled="true"
226-->[androidx.profileinstaller:profileinstaller:1.3.1] AndroidManifest.xml:37:13-35
227            android:exported="true"
227-->[androidx.profileinstaller:profileinstaller:1.3.1] AndroidManifest.xml:38:13-36
228            android:permission="android.permission.DUMP" >
228-->[androidx.profileinstaller:profileinstaller:1.3.1] AndroidManifest.xml:39:13-57
229            <intent-filter>
229-->[androidx.profileinstaller:profileinstaller:1.3.1] AndroidManifest.xml:40:13-42:29
230                <action android:name="androidx.profileinstaller.action.INSTALL_PROFILE" />
230-->[androidx.profileinstaller:profileinstaller:1.3.1] AndroidManifest.xml:41:17-91
230-->[androidx.profileinstaller:profileinstaller:1.3.1] AndroidManifest.xml:41:25-88
231            </intent-filter>
232            <intent-filter>
232-->[androidx.profileinstaller:profileinstaller:1.3.1] AndroidManifest.xml:43:13-45:29
233                <action android:name="androidx.profileinstaller.action.SKIP_FILE" />
233-->[androidx.profileinstaller:profileinstaller:1.3.1] AndroidManifest.xml:44:17-85
233-->[androidx.profileinstaller:profileinstaller:1.3.1] AndroidManifest.xml:44:25-82
234            </intent-filter>
235            <intent-filter>
235-->[androidx.profileinstaller:profileinstaller:1.3.1] AndroidManifest.xml:46:13-48:29
236                <action android:name="androidx.profileinstaller.action.SAVE_PROFILE" />
236-->[androidx.profileinstaller:profileinstaller:1.3.1] AndroidManifest.xml:47:17-88
236-->[androidx.profileinstaller:profileinstaller:1.3.1] AndroidManifest.xml:47:25-85
237            </intent-filter>
238            <intent-filter>
238-->[androidx.profileinstaller:profileinstaller:1.3.1] AndroidManifest.xml:49:13-51:29
239                <action android:name="androidx.profileinstaller.action.BENCHMARK_OPERATION" />
239-->[androidx.profileinstaller:profileinstaller:1.3.1] AndroidManifest.xml:50:17-95
239-->[androidx.profileinstaller:profileinstaller:1.3.1] AndroidManifest.xml:50:25-92
240            </intent-filter>
241        </receiver> <!-- The activities will be merged into the manifest of the hosting app. -->
242        <activity
242-->[com.google.android.play:core-common:2.0.3] AndroidManifest.xml:14:9-18:65
243            android:name="com.google.android.play.core.common.PlayCoreDialogWrapperActivity"
243-->[com.google.android.play:core-common:2.0.3] AndroidManifest.xml:15:13-93
244            android:exported="false"
244-->[com.google.android.play:core-common:2.0.3] AndroidManifest.xml:16:13-37
245            android:stateNotNeeded="true"
245-->[com.google.android.play:core-common:2.0.3] AndroidManifest.xml:17:13-42
246            android:theme="@style/Theme.PlayCore.Transparent" />
246-->[com.google.android.play:core-common:2.0.3] AndroidManifest.xml:18:13-62
247    </application>
248
249</manifest>